2024-06-29 00:28:35,771 - prepare_data.log - INFO - acs+N270+E33 graph data already exists
2024-06-29 00:28:35,771 - prepare_data.log - INFO - etc+N80+N60+E173+E76 graph data already exists
2024-06-29 00:28:35,771 - prepare_data.log - INFO - fee+N254+E185 graph data already exists
2024-06-29 00:28:35,771 - prepare_data.log - INFO - mok+N109+E146 graph data already exists
2024-06-29 00:28:35,771 - prepare_data.log - INFO - mrc+N568+N190+E116+E77 graph data already exists
2024-06-29 00:28:35,772 - prepare_data.log - INFO - msp+N624+E8 graph data already exists
2024-06-29 00:28:35,772 - prepare_data.log - INFO - sml+N696+E182 graph data already exists
2024-06-29 00:28:35,772 - prepare_data.log - INFO - smm+N577+E166 graph data already exists
2024-06-29 00:28:35,772 - prepare_data.log - INFO - ukg+N387+E203 graph data already exists
2024-06-29 00:28:35,772 - prepare_data.log - INFO - vmk+N489+E8 graph data already exists
2024-06-29 00:28:35,772 - prepare_data.log - INFO - vna+N650+E120 graph data already exists
2024-06-29 00:28:35,772 - prepare_data.log - INFO - zzz+N96+N373+E34 graph data already exists
2024-06-29 18:52:58,994 - prepare_data.log - INFO - acs+N270+E33 graph data already exists
2024-06-29 18:52:58,995 - prepare_data.log - INFO - etc+N80+N60+E173+E76 graph data already exists
2024-06-29 18:52:58,995 - prepare_data.log - INFO - fee+N254+E185 graph data already exists
2024-06-29 18:52:58,995 - prepare_data.log - INFO - mok+N109+E146 graph data already exists
2024-06-29 18:52:58,995 - prepare_data.log - INFO - mrc+N568+N190+E116+E77 graph data already exists
2024-06-29 18:52:58,995 - prepare_data.log - INFO - msp+N624+E8 graph data already exists
2024-06-29 18:52:58,995 - prepare_data.log - INFO - sml+N696+E182 graph data already exists
2024-06-29 18:52:58,995 - prepare_data.log - INFO - smm+N577+E166 graph data already exists
2024-06-29 18:52:58,995 - prepare_data.log - INFO - ukg+N387+E203 graph data already exists
2024-06-29 18:52:58,996 - prepare_data.log - INFO - vmk+N489+E8 graph data already exists
2024-06-29 18:52:58,996 - prepare_data.log - INFO - vna+N650+E120 graph data already exists
2024-06-29 18:52:58,996 - prepare_data.log - INFO - zzz+N96+N373+E34 graph data already exists
