2024-06-29 00:28:35,771 - prepare_energy_grid.log - INFO - acs+N270+E33 energy grid already exists
2024-06-29 00:28:35,771 - prepare_energy_grid.log - INFO - etc+N80+N60+E173+E76 energy grid already exists
2024-06-29 00:28:35,771 - prepare_energy_grid.log - INFO - fee+N254+E185 energy grid already exists
2024-06-29 00:28:35,771 - prepare_energy_grid.log - INFO - mok+N109+E146 energy grid already exists
2024-06-29 00:28:35,772 - prepare_energy_grid.log - INFO - mrc+N568+N190+E116+E77 energy grid already exists
2024-06-29 00:28:35,772 - prepare_energy_grid.log - INFO - msp+N624+E8 energy grid already exists
2024-06-29 00:28:35,772 - prepare_energy_grid.log - INFO - sml+N696+E182 energy grid already exists
2024-06-29 00:28:35,772 - prepare_energy_grid.log - INFO - smm+N577+E166 energy grid already exists
2024-06-29 00:28:35,772 - prepare_energy_grid.log - INFO - ukg+N387+E203 energy grid already exists
2024-06-29 00:28:35,772 - prepare_energy_grid.log - INFO - vmk+N489+E8 energy grid already exists
2024-06-29 00:28:35,772 - prepare_energy_grid.log - INFO - vna+N650+E120 energy grid already exists
2024-06-29 00:28:35,772 - prepare_energy_grid.log - INFO - zzz+N96+N373+E34 energy grid already exists
2024-06-29 18:52:58,994 - prepare_energy_grid.log - INFO - acs+N270+E33 energy grid already exists
2024-06-29 18:52:58,995 - prepare_energy_grid.log - INFO - etc+N80+N60+E173+E76 energy grid already exists
2024-06-29 18:52:58,995 - prepare_energy_grid.log - INFO - fee+N254+E185 energy grid already exists
2024-06-29 18:52:58,995 - prepare_energy_grid.log - INFO - mok+N109+E146 energy grid already exists
2024-06-29 18:52:58,995 - prepare_energy_grid.log - INFO - mrc+N568+N190+E116+E77 energy grid already exists
2024-06-29 18:52:58,995 - prepare_energy_grid.log - INFO - msp+N624+E8 energy grid already exists
2024-06-29 18:52:58,995 - prepare_energy_grid.log - INFO - sml+N696+E182 energy grid already exists
2024-06-29 18:52:58,995 - prepare_energy_grid.log - INFO - smm+N577+E166 energy grid already exists
2024-06-29 18:52:58,995 - prepare_energy_grid.log - INFO - ukg+N387+E203 energy grid already exists
2024-06-29 18:52:58,996 - prepare_energy_grid.log - INFO - vmk+N489+E8 energy grid already exists
2024-06-29 18:52:58,996 - prepare_energy_grid.log - INFO - vna+N650+E120 energy grid already exists
2024-06-29 18:52:58,996 - prepare_energy_grid.log - INFO - zzz+N96+N373+E34 energy grid already exists
